{
  "stats": {
    "suites": 1,
    "tests": 2,
    "passes": 0,
    "pending": 0,
    "failures": 2,
    "start": "2020-06-05T10:38:15.745Z",
    "end": "2020-06-05T10:41:11.047Z",
    "duration": 175302,
    "testsRegistered": 2,
    "passPercent": 0,
    "pendingPercent": 0,
    "other": 0,
    "hasOther": false,
    "skipped": 0,
    "hasSkipped": false
  },
  "results": [
    {
      "uuid": "142f2001-086f-42c1-9778-12c156e1ecb1",
      "title": "",
      "fullFile": "cypress\\integration\\Examples\\Test.js",
      "file": "cypress\\integration\\Examples\\Test.js",
      "beforeHooks": [],
      "afterHooks": [],
      "tests": [],
      "suites": [
        {
          "uuid": "e680e571-5441-474a-b18e-db8ab765fd52",
          "title": "Flight Ticket Booking",
          "fullFile": "",
          "file": "",
          "beforeHooks": [],
          "afterHooks": [],
          "tests": [
            {
              "title": "Verify User can Login and Logout",
              "fullTitle": "Flight Ticket Booking Verify User can Login and Logout",
              "timedOut": null,
              "duration": 108596,
              "state": "failed",
              "speed": null,
              "pass": false,
              "fail": true,
              "pending": false,
              "context": "\"D:/Cypress_Project/cypress/screenshots/Examples\\\\Test.js/Flight Ticket Booking -- Verify User can Login and Logout (failed).png\"",
              "code": "var loginpage = new _Loginpage[\"default\"](); //const encr = new Encrypt()\ncy.visit(Cypress.env(\"url\")); //console.log(encr.encrypt())\ncy.hoveroverelement(loginpage.LoginElement());\ncy.clickobject(loginpage.MemberLogin());\ncy.modify_dom_attribute(loginpage.Emailbox(), 'class', 'wHuge4s2 country-mobile country-mobile-login required isEmailInput error').wait(1000).type(this.data.email, {\n  log: false\n});\ncy.entervalue(loginpage.Passwordbox(), this.data.password);\ncy.modify_dom_attribute('form#SkySales', 'target', '_Self'); //cy.get('form#SkySales').invoke('attr','target','_Self')\ncy.clickobject(loginpage.Loginbutton());\ncy.clickobject(loginpage.Logoutbutton());",
              "err": {
                "message": "AssertionError: Timed out retrying: Expected to find element: `#ControlGroupLoginView_MemberLoginView2LoginView_TextBoxUserID`, but never found it.",
                "estack": "AssertionError: Timed out retrying: Expected to find element: `#ControlGroupLoginView_MemberLoginView2LoginView_TextBoxUserID`, but never found it.\n    at ensureExistence (https://www.spicejet.com/__cypress/runner/cypress_runner.js:137673:32)\n    at Object.ensureElExistence (https://www.spicejet.com/__cypress/runner/cypress_runner.js:137691:12)\n    at ensureExistence (https://www.spicejet.com/__cypress/runner/cypress_runner.js:127867:23)\n    at onFailFn (https://www.spicejet.com/__cypress/runner/cypress_runner.js:127905:9)\n    at tryCatcher (https://www.spicejet.com/__cypress/runner/cypress_runner.js:9065:23)\n    at Promise._settlePromiseFromHandler (https://www.spicejet.com/__cypress/runner/cypress_runner.js:7000:31)\n    at Promise._settlePromise (https://www.spicejet.com/__cypress/runner/cypress_runner.js:7057:18)\n    at Promise._settlePromise0 (https://www.spicejet.com/__cypress/runner/cypress_runner.js:7102:10)\n    at Promise._settlePromises (https://www.spicejet.com/__cypress/runner/cypress_runner.js:7178:18)\n    at _drainQueueStep (https://www.spicejet.com/__cypress/runner/cypress_runner.js:3772:12)\n    at _drainQueue (https://www.spicejet.com/__cypress/runner/cypress_runner.js:3765:9)\n    at Async.../../node_modules/bluebird/js/release/async.js.Async._drainQueues (https://www.spicejet.com/__cypress/runner/cypress_runner.js:3781:5)\n    at Async.drainQueues (https://www.spicejet.com/__cypress/runner/cypress_runner.js:3651:14)",
                "diff": null
              },
              "uuid": "c1ab3142-dbb3-4a20-8978-31c075a58d29",
              "parentUUID": "e680e571-5441-474a-b18e-db8ab765fd52",
              "isHook": false,
              "skipped": false
            },
            {
              "title": "Check Flights Availability and Fares in between Two Places",
              "fullTitle": "Flight Ticket Booking Check Flights Availability and Fares in between Two Places",
              "timedOut": null,
              "duration": 42312,
              "state": "failed",
              "speed": null,
              "pass": false,
              "fail": true,
              "pending": false,
              "context": "\"D:/Cypress_Project/cypress/screenshots/Examples\\\\Test.js/Flight Ticket Booking -- Check Flights Availability and Fares in between Two Places (failed).png\"",
              "code": "var homepage = new _Homepage[\"default\"]();\nvar choosefare = new _Flightselectionpage[\"default\"]();\ncy.visit(Cypress.env(\"url\"));\ncy.clickobject(homepage.Sourcebox());\ncy.wait(1000);\ncy.entervalue(homepage.Sourcebox(), this.data.source_city).should('include.value', 'Chennai');\ncy.clickobject(homepage.Destbox()); //querying through a List of webelements and matching with our string and choose it if found\n//cy.get('td[data-month=\"4\"]:visible').eq(13).contains(\"30\").click()\n//a.ui-state-default.ui-state-active\n//cy.clickobject(homepage.Calendar())\ncy.pickdate(this.data.Date_of_Travel); //This is a common method defined to pick date\n//adult\ncy.clickobject(homepage.Adultelement());\ncy.select_value_dropdown(homepage.Dom_Adultinsideelement(), this.data.No_of_Adults); //adding assertion to check selected value\nhomepage.Adultinsideelement().should('have.value', this.data.No_of_Adults);\ncy.clickobject(homepage.Adultelement()); //INR\ncy.select_value_dropdown(homepage.Currencytype(), this.data.currencyvalue); //cy.get('#ctl00_mainContent_DropDownListCurrency').select('INR')\ncy.clickobject(homepage.Findflightsbutton()); //Flight Selection Page\ncy.wait(5000);\ncy.click_radio_button(choosefare.Radiobutton_Fare());\ncy.get(choosefare.Radiobutton_Fare()).should('be.checked'); //choosefare.Continue_button().click({force:true})",
              "err": {
                "message": "AssertionError: Timed out retrying: Expected to find element: `#ctl00_mainContent_ddl_originStation1_CTXT`, but never found it.",
                "estack": "AssertionError: Timed out retrying: Expected to find element: `#ctl00_mainContent_ddl_originStation1_CTXT`, but never found it.\n    at ensureExistence (https://www.spicejet.com/__cypress/runner/cypress_runner.js:137673:32)\n    at Object.ensureElExistence (https://www.spicejet.com/__cypress/runner/cypress_runner.js:137691:12)\n    at ensureExistence (https://www.spicejet.com/__cypress/runner/cypress_runner.js:127867:23)\n    at onFailFn (https://www.spicejet.com/__cypress/runner/cypress_runner.js:127905:9)\n    at tryCatcher (https://www.spicejet.com/__cypress/runner/cypress_runner.js:9065:23)\n    at Promise._settlePromiseFromHandler (https://www.spicejet.com/__cypress/runner/cypress_runner.js:7000:31)\n    at Promise._settlePromise (https://www.spicejet.com/__cypress/runner/cypress_runner.js:7057:18)\n    at Promise._settlePromise0 (https://www.spicejet.com/__cypress/runner/cypress_runner.js:7102:10)\n    at Promise._settlePromises (https://www.spicejet.com/__cypress/runner/cypress_runner.js:7178:18)\n    at _drainQueueStep (https://www.spicejet.com/__cypress/runner/cypress_runner.js:3772:12)\n    at _drainQueue (https://www.spicejet.com/__cypress/runner/cypress_runner.js:3765:9)\n    at Async.../../node_modules/bluebird/js/release/async.js.Async._drainQueues (https://www.spicejet.com/__cypress/runner/cypress_runner.js:3781:5)\n    at Async.drainQueues (https://www.spicejet.com/__cypress/runner/cypress_runner.js:3651:14)",
                "diff": null
              },
              "uuid": "04568a0c-ffa3-4c77-81b2-337570d92894",
              "parentUUID": "e680e571-5441-474a-b18e-db8ab765fd52",
              "isHook": false,
              "skipped": false
            }
          ],
          "suites": [],
          "passes": [],
          "failures": [
            "c1ab3142-dbb3-4a20-8978-31c075a58d29",
            "04568a0c-ffa3-4c77-81b2-337570d92894"
          ],
          "pending": [],
          "skipped": [],
          "duration": 150908,
          "root": false,
          "rootEmpty": false,
          "_timeout": 2000
        }
      ],
      "passes": [],
      "failures": [],
      "pending": [],
      "skipped": [],
      "duration": 0,
      "root": true,
      "rootEmpty": true,
      "_timeout": 2000
    }
  ],
  "meta": {
    "mocha": {
      "version": "7.0.1"
    },
    "mochawesome": {
      "options": {
        "quiet": false,
        "reportFilename": "mochawesome",
        "saveHtml": true,
        "saveJson": true,
        "consoleReporter": "spec",
        "useInlineDiffs": false,
        "code": true
      },
      "version": "6.1.1"
    },
    "marge": {
      "options": {
        "overwrite": false
      },
      "version": "5.1.0"
    }
  }
}