{
  "stats": {
    "suites": 1,
    "tests": 1,
    "passes": 0,
    "pending": 0,
    "failures": 1,
    "start": "2020-06-05T11:26:07.312Z",
    "end": "2020-06-05T11:28:53.314Z",
    "duration": 166002,
    "testsRegistered": 2,
    "passPercent": 0,
    "pendingPercent": 0,
    "other": 0,
    "hasOther": false,
    "skipped": 1,
    "hasSkipped": true
  },
  "results": [
    {
      "uuid": "ef969606-ccbc-471d-9e31-1367507cd47b",
      "title": "",
      "fullFile": "cypress\\integration\\Examples\\Test.js",
      "file": "cypress\\integration\\Examples\\Test.js",
      "beforeHooks": [],
      "afterHooks": [],
      "tests": [],
      "suites": [
        {
          "uuid": "3c53427f-55bf-4523-910d-0bcf95213d67",
          "title": "Flight Ticket Booking",
          "fullFile": "",
          "file": "",
          "beforeHooks": [],
          "afterHooks": [],
          "tests": [
            {
              "title": "Verify User can Login and Logout",
              "fullTitle": "Flight Ticket Booking Verify User can Login and Logout",
              "timedOut": null,
              "duration": 14312,
              "state": "failed",
              "speed": null,
              "pass": false,
              "fail": true,
              "pending": false,
              "context": "\"D:/Cypress_Project/cypress/screenshots/Examples\\\\Test.js/Flight Ticket Booking -- Verify User can Login and Logout (failed).png\"",
              "code": "var loginpage = new _Loginpage[\"default\"](); //const encr = new Encrypt()\ncy.visit(Cypress.env(\"url\")); //console.log(encr.encrypt())\ncy.hoveroverelement(loginpage.LoginElement());\ncy.clickobject(loginpage.MemberLogin());\ncy.modify_dom_attribute(loginpage.Emailbox(), 'class', 'wHuge4s2 country-mobile country-mobile-login required isEmailInput error').wait(1000).type(this.data.email, {\n  log: false\n});\ncy.entervalue(loginpage.Passwordbox(), this.data.password);\ncy.modify_dom_attribute('form#SkySales', 'target', '_Self'); //cy.get('form#SkySales').invoke('attr','target','_Self')\ncy.clickobject(loginpage.Loginbutton());\ncy.clickobject(loginpage.Logoutbutton());",
              "err": {
                "message": "CypressError: `cy.visit()` failed trying to load:\n\nhttps://www.spicejet.com/\n\nWe attempted to make an http request to this URL but the request failed without a response.\n\nWe received this error at the network level:\n\n  > Error: getaddrinfo ENOENT www.spicejet.com\n\nCommon situations why this would fail:\n  - you don't have internet access\n  - you forgot to run / boot your web server\n  - your web server isn't accessible\n  - you have weird network configuration settings on your computer\n\nThe stack trace for this error is:\n\nError: getaddrinfo ENOENT www.spicejet.com\n    at GetAddrInfoReqWrap.onlookup [as oncomplete] (dns.js:60:26)\n",
                "estack": "CypressError: `cy.visit()` failed trying to load:\n\nhttps://www.spicejet.com/\n\nWe attempted to make an http request to this URL but the request failed without a response.\n\nWe received this error at the network level:\n\n  > Error: getaddrinfo ENOENT www.spicejet.com\n\nCommon situations why this would fail:\n  - you don't have internet access\n  - you forgot to run / boot your web server\n  - your web server isn't accessible\n  - you have weird network configuration settings on your computer\n\nThe stack trace for this error is:\n\nError: getaddrinfo ENOENT www.spicejet.com\n    at GetAddrInfoReqWrap.onlookup [as oncomplete] (dns.js:60:26)\n\n",
                "diff": null
              },
              "uuid": "4917fb01-736f-431d-b744-8597197decb7",
              "parentUUID": "3c53427f-55bf-4523-910d-0bcf95213d67",
              "isHook": false,
              "skipped": false
            },
            {
              "title": "Check Flights Availability and Fares in between Two Places",
              "fullTitle": "Flight Ticket Booking Check Flights Availability and Fares in between Two Places",
              "timedOut": null,
              "duration": 0,
              "state": "skipped",
              "speed": null,
              "pass": false,
              "fail": false,
              "pending": false,
              "context": null,
              "code": "var homepage = new _Homepage[\"default\"]();\nvar choosefare = new _Flightselectionpage[\"default\"]();\ncy.visit(Cypress.env(\"url\"));\ncy.clickobject(homepage.Sourcebox());\ncy.wait(1000);\ncy.entervalue(homepage.Sourcebox(), this.data.source_city).should('include.value', 'Chennai');\ncy.clickobject(homepage.Destbox()); //querying through a List of webelements and matching with our string and choose it if found\n//cy.get('td[data-month=\"4\"]:visible').eq(13).contains(\"30\").click()\n//a.ui-state-default.ui-state-active\n//cy.clickobject(homepage.Calendar())\ncy.pickdate(this.data.Date_of_Travel); //This is a common method defined to pick date\n//adult\ncy.clickobject(homepage.Adultelement());\ncy.select_value_dropdown(homepage.Dom_Adultinsideelement(), this.data.No_of_Adults); //adding assertion to check selected value\nhomepage.Adultinsideelement().should('have.value', this.data.No_of_Adults);\ncy.clickobject(homepage.Adultelement()); //INR\ncy.select_value_dropdown(homepage.Currencytype(), this.data.currencyvalue); //cy.get('#ctl00_mainContent_DropDownListCurrency').select('INR')\ncy.clickobject(homepage.Findflightsbutton()); //Flight Selection Page\ncy.wait(5000);\ncy.click_radio_button(choosefare.Radiobutton_Fare());\ncy.get(choosefare.Radiobutton_Fare()).should('be.checked'); //choosefare.Continue_button().click({force:true})",
              "err": {},
              "uuid": "100e9ce6-30bf-4907-9c79-f24e71a4f524",
              "parentUUID": "3c53427f-55bf-4523-910d-0bcf95213d67",
              "isHook": false,
              "skipped": true
            }
          ],
          "suites": [],
          "passes": [],
          "failures": [
            "4917fb01-736f-431d-b744-8597197decb7"
          ],
          "pending": [],
          "skipped": [
            "100e9ce6-30bf-4907-9c79-f24e71a4f524"
          ],
          "duration": 14312,
          "root": false,
          "rootEmpty": false,
          "_timeout": 2000
        }
      ],
      "passes": [],
      "failures": [],
      "pending": [],
      "skipped": [],
      "duration": 0,
      "root": true,
      "rootEmpty": true,
      "_timeout": 2000
    }
  ],
  "meta": {
    "mocha": {
      "version": "7.0.1"
    },
    "mochawesome": {
      "options": {
        "quiet": false,
        "reportFilename": "mochawesome",
        "saveHtml": true,
        "saveJson": true,
        "consoleReporter": "spec",
        "useInlineDiffs": false,
        "code": true
      },
      "version": "6.1.1"
    },
    "marge": {
      "options": {
        "overwrite": false
      },
      "version": "5.1.0"
    }
  }
}