{
  "stats": {
    "suites": 1,
    "tests": 2,
    "passes": 2,
    "pending": 0,
    "failures": 0,
    "start": "2020-06-08T10:16:35.632Z",
    "end": "2020-06-08T10:19:21.009Z",
    "duration": 165377,
    "testsRegistered": 2,
    "passPercent": 100,
    "pendingPercent": 0,
    "other": 0,
    "hasOther": false,
    "skipped": 0,
    "hasSkipped": false
  },
  "results": [
    {
      "uuid": "af313ef0-fbb7-4722-a62f-797be79cea1c",
      "title": "",
      "fullFile": "cypress\\integration\\Examples\\Test.js",
      "file": "cypress\\integration\\Examples\\Test.js",
      "beforeHooks": [],
      "afterHooks": [],
      "tests": [],
      "suites": [
        {
          "uuid": "a8edfaaa-76df-4ac1-86ec-240265706b96",
          "title": "Flight Ticket Booking",
          "fullFile": "",
          "file": "",
          "beforeHooks": [],
          "afterHooks": [],
          "tests": [
            {
              "title": "Verify User can Login and Logout",
              "fullTitle": "Flight Ticket Booking Verify User can Login and Logout",
              "timedOut": null,
              "duration": 92282,
              "state": "passed",
              "speed": "slow",
              "pass": true,
              "fail": false,
              "pending": false,
              "context": null,
              "code": "var loginpage = new _Loginpage[\"default\"](); //const encr = new Encrypt()\ncy.visit(Cypress.env(\"url\")); //console.log(encr.encrypt())\ncy.hoveroverelement(loginpage.LoginElement());\ncy.clickobject(loginpage.MemberLogin());\ncy.modify_dom_attribute(loginpage.Emailbox(), 'class', 'wHuge4s2 country-mobile country-mobile-login required isEmailInput error').wait(1000).type(this.data.email, {\n  log: false\n});\ncy.entervalue(loginpage.Passwordbox(), this.data.password);\ncy.modify_dom_attribute('form#SkySales', 'target', '_Self'); //cy.get('form#SkySales').invoke('attr','target','_Self')\ncy.clickobject(loginpage.Loginbutton());\ncy.clickobject(loginpage.Logoutbutton());",
              "err": {},
              "uuid": "d451f2dd-c048-4421-9761-2c54d313be73",
              "parentUUID": "a8edfaaa-76df-4ac1-86ec-240265706b96",
              "isHook": false,
              "skipped": false
            },
            {
              "title": "Check Flights Availability and Fares in between Two Places",
              "fullTitle": "Flight Ticket Booking Check Flights Availability and Fares in between Two Places",
              "timedOut": null,
              "duration": 50018,
              "state": "passed",
              "speed": "slow",
              "pass": true,
              "fail": false,
              "pending": false,
              "context": null,
              "code": "var homepage = new _Homepage[\"default\"]();\nvar choosefare = new _Flightselectionpage[\"default\"]();\ncy.visit(Cypress.env(\"url\"));\ncy.clickobject(homepage.Sourcebox());\ncy.wait(1000);\ncy.entervalue(homepage.Sourcebox(), this.data.source_city).should('include.value', 'Chennai');\ncy.clickobject(homepage.Destbox());\ncy.pickdate(this.data.Date_of_Travel); //This is a common method defined to pick date\n//adult\ncy.clickobject(homepage.Adultelement());\ncy.select_value_dropdown(homepage.Dom_Adultinsideelement(), this.data.No_of_Adults); //adding assertion to check selected value\nhomepage.Adultinsideelement().should('have.value', this.data.No_of_Adults);\ncy.clickobject(homepage.Adultelement()); //INR\ncy.select_value_dropdown(homepage.Currencytype(), this.data.currencyvalue); //cy.get('#ctl00_mainContent_DropDownListCurrency').select('INR')\ncy.clickobject(homepage.Findflightsbutton()); //Flight Selection Page\ncy.wait(5000);\ncy.click_radio_button(choosefare.Radiobutton_Fare());\ncy.get(choosefare.Radiobutton_Fare()).should('be.checked'); //choosefare.Continue_button().click({force:true})",
              "err": {},
              "uuid": "9cb15914-c1c2-4666-ab66-fddcd51a7b29",
              "parentUUID": "a8edfaaa-76df-4ac1-86ec-240265706b96",
              "isHook": false,
              "skipped": false
            }
          ],
          "suites": [],
          "passes": [
            "d451f2dd-c048-4421-9761-2c54d313be73",
            "9cb15914-c1c2-4666-ab66-fddcd51a7b29"
          ],
          "failures": [],
          "pending": [],
          "skipped": [],
          "duration": 142300,
          "root": false,
          "rootEmpty": false,
          "_timeout": 2000
        }
      ],
      "passes": [],
      "failures": [],
      "pending": [],
      "skipped": [],
      "duration": 0,
      "root": true,
      "rootEmpty": true,
      "_timeout": 2000
    }
  ],
  "meta": {
    "mocha": {
      "version": "7.0.1"
    },
    "mochawesome": {
      "options": {
        "quiet": false,
        "reportFilename": "mochawesome",
        "saveHtml": true,
        "saveJson": true,
        "consoleReporter": "spec",
        "useInlineDiffs": false,
        "code": true
      },
      "version": "6.1.1"
    },
    "marge": {
      "options": {
        "overwrite": false
      },
      "version": "5.1.0"
    }
  }
}